{"logs": [{"_uuid": "4efbde44-e000-11ec-818e-7e3c8ca81f39", "query": "SELECT booking.title AS booking_title \nFROM booking", "dbEngine": "postgresql", "date": "2022-05-30T10:07:27.139479", "plan": {"Plan": {"Node Type": "Seq Scan", "Parallel Aware": false, "Async Capable": false, "Relation Name": "booking", "Schema": "public", "Alias": "booking", "Startup Cost": 0.0, "Total Cost": 13.9, "Plan Rows": 390, "Plan Width": 178, "Output": ["title"]}, "Planning Time": 0.303}}], "framework": "FastAPI", "path": "/", "operationType": "GET", "requestDuration": 1560.77, "requestStatus": 200}
{"logs": [{"_uuid": "82ee45c0-e000-11ec-af6e-7e3c8ca81f39", "query": "INSERT INTO booking (title) VALUES ('asd')", "dbEngine": "postgresql", "date": "2022-05-30T10:08:54.291981", "plan": {"Plan": {"Node Type": "ModifyTable", "Operation": "Insert", "Parallel Aware": false, "Async Capable": false, "Relation Name": "booking", "Schema": "public", "Alias": "booking", "Startup Cost": 0.0, "Total Cost": 0.01, "Plan Rows": 0, "Plan Width": 0, "Plans": [{"Node Type": "Result", "Parent Relationship": "Outer", "Parallel Aware": false, "Async Capable": false, "Startup Cost": 0.0, "Total Cost": 0.01, "Plan Rows": 1, "Plan Width": 178, "Output": ["'asd'::character varying(80)"]}]}, "Planning Time": 0.072}}, {"_uuid": "82ee51be-e000-11ec-af6e-7e3c8ca81f39", "query": "SELECT booking.title \nFROM booking \nWHERE booking.title = 'asd'", "dbEngine": "postgresql", "date": "2022-05-30T10:08:54.292147", "plan": {"Plan": {"Node Type": "Index Only Scan", "Parallel Aware": false, "Async Capable": false, "Scan Direction": "Forward", "Index Name": "booking_pkey", "Relation Name": "booking", "Schema": "public", "Alias": "booking", "Startup Cost": 0.15, "Total Cost": 8.17, "Plan Rows": 1, "Plan Width": 178, "Output": ["title"], "Index Cond": "(booking.title = 'asd'::text)"}, "Planning Time": 0.174}}], "framework": "FastAPI", "path": "/", "operationType": "POST", "requestDuration": 1710.671, "requestStatus": 200}
{"logs": [{"_uuid": "832a3ed6-e000-11ec-af6e-7e3c8ca81f39", "query": "SELECT booking.title AS booking_title \nFROM booking", "dbEngine": "postgresql", "date": "2022-05-30T10:08:54.684993", "plan": {"Plan": {"Node Type": "Seq Scan", "Parallel Aware": false, "Async Capable": false, "Relation Name": "booking", "Schema": "public", "Alias": "booking", "Startup Cost": 0.0, "Total Cost": 13.9, "Plan Rows": 390, "Plan Width": 178, "Output": ["title"]}, "Planning Time": 0.094}}], "framework": "FastAPI", "path": "/", "operationType": "GET", "requestDuration": 310.669, "requestStatus": 200}
{"logs": [{"_uuid": "90fec590-e000-11ec-b3e7-7e3c8ca81f39", "query": "SELECT booking.title AS booking_title \nFROM booking", "dbEngine": "postgresql", "date": "2022-05-30T10:09:17.888367", "plan": {"Plan": {"Node Type": "Seq Scan", "Parallel Aware": false, "Async Capable": false, "Relation Name": "booking", "Schema": "public", "Alias": "booking", "Startup Cost": 0.0, "Total Cost": 13.9, "Plan Rows": 390, "Plan Width": 178, "Output": ["title"]}, "Planning Time": 0.256}}], "framework": "FastAPI", "path": "/", "operationType": "GET", "requestDuration": 1400.837, "requestStatus": 200}
{"logs": [{"_uuid": "93fb1bc2-e000-11ec-b3e7-7e3c8ca81f39", "query": "INSERT INTO booking (title) VALUES ('asd')", "dbEngine": "postgresql", "date": "2022-05-30T10:09:22.897452", "plan": {"Plan": {"Node Type": "ModifyTable", "Operation": "Insert", "Parallel Aware": false, "Async Capable": false, "Relation Name": "booking", "Schema": "public", "Alias": "booking", "Startup Cost": 0.0, "Total Cost": 0.01, "Plan Rows": 0, "Plan Width": 0, "Plans": [{"Node Type": "Result", "Parent Relationship": "Outer", "Parallel Aware": false, "Async Capable": false, "Startup Cost": 0.0, "Total Cost": 0.01, "Plan Rows": 1, "Plan Width": 178, "Output": ["'asd'::character varying(80)"]}]}, "Planning Time": 0.07}}], "framework": "FastAPI", "path": "/", "operationType": "POST", "requestDuration": 284.138, "requestStatus": 400}
{"logs": [{"_uuid": "942ee2fe-e000-11ec-b3e7-7e3c8ca81f39", "query": "INSERT INTO booking (title) VALUES ('asdddd')", "dbEngine": "postgresql", "date": "2022-05-30T10:09:23.236651", "plan": {"Plan": {"Node Type": "ModifyTable", "Operation": "Insert", "Parallel Aware": false, "Async Capable": false, "Relation Name": "booking", "Schema": "public", "Alias": "booking", "Startup Cost": 0.0, "Total Cost": 0.01, "Plan Rows": 0, "Plan Width": 0, "Plans": [{"Node Type": "Result", "Parent Relationship": "Outer", "Parallel Aware": false, "Async Capable": false, "Startup Cost": 0.0, "Total Cost": 0.01, "Plan Rows": 1, "Plan Width": 178, "Output": ["'asdddd'::character varying(80)"]}]}, "Planning Time": 0.059}}, {"_uuid": "942ef172-e000-11ec-b3e7-7e3c8ca81f39", "query": "SELECT booking.title \nFROM booking \nWHERE booking.title = 'asdddd'", "dbEngine": "postgresql", "date": "2022-05-30T10:09:23.236930", "plan": {"Plan": {"Node Type": "Index Only Scan", "Parallel Aware": false, "Async Capable": false, "Scan Direction": "Forward", "Index Name": "booking_pkey", "Relation Name": "booking", "Schema": "public", "Alias": "booking", "Startup Cost": 0.15, "Total Cost": 8.17, "Plan Rows": 1, "Plan Width": 178, "Output": ["title"], "Index Cond": "(booking.title = 'asdddd'::text)"}, "Planning Time": 0.153}}, {"_uuid": "942ef406-e000-11ec-b3e7-7e3c8ca81f39", "query": "SELECT booking.title AS booking_title \nFROM booking", "dbEngine": "postgresql", "date": "2022-05-30T10:09:23.237003", "plan": {"Plan": {"Node Type": "Seq Scan", "Parallel Aware": false, "Async Capable": false, "Relation Name": "booking", "Schema": "public", "Alias": "booking", "Startup Cost": 0.0, "Total Cost": 13.9, "Plan Rows": 390, "Plan Width": 178, "Output": ["title"]}, "Planning Time": 0.089}}], "framework": "FastAPI", "path": "/", "operationType": "POST", "requestDuration": 733.124, "requestStatus": 200}
{"logs": [{"_uuid": "96f61a48-e000-11ec-b3e7-7e3c8ca81f39", "query": "INSERT INTO booking (title) VALUES ('aaa')", "dbEngine": "postgresql", "date": "2022-05-30T10:09:27.897670", "plan": {"Plan": {"Node Type": "ModifyTable", "Operation": "Insert", "Parallel Aware": false, "Async Capable": false, "Relation Name": "booking", "Schema": "public", "Alias": "booking", "Startup Cost": 0.0, "Total Cost": 0.01, "Plan Rows": 0, "Plan Width": 0, "Plans": [{"Node Type": "Result", "Parent Relationship": "Outer", "Parallel Aware": false, "Async Capable": false, "Startup Cost": 0.0, "Total Cost": 0.01, "Plan Rows": 1, "Plan Width": 178, "Output": ["'aaa'::character varying(80)"]}]}, "Planning Time": 0.064}}, {"_uuid": "96f625e2-e000-11ec-b3e7-7e3c8ca81f39", "query": "SELECT booking.title \nFROM booking \nWHERE booking.title = 'aaa'", "dbEngine": "postgresql", "date": "2022-05-30T10:09:27.897896", "plan": {"Plan": {"Node Type": "Index Only Scan", "Parallel Aware": false, "Async Capable": false, "Scan Direction": "Forward", "Index Name": "booking_pkey", "Relation Name": "booking", "Schema": "public", "Alias": "booking", "Startup Cost": 0.15, "Total Cost": 8.17, "Plan Rows": 1, "Plan Width": 178, "Output": ["title"], "Index Cond": "(booking.title = 'aaa'::text)"}, "Planning Time": 0.12}}, {"_uuid": "96f62a4c-e000-11ec-b3e7-7e3c8ca81f39", "query": "SELECT booking.title AS booking_title \nFROM booking", "dbEngine": "postgresql", "date": "2022-05-30T10:09:27.898005", "plan": {"Plan": {"Node Type": "Seq Scan", "Parallel Aware": false, "Async Capable": false, "Relation Name": "booking", "Schema": "public", "Alias": "booking", "Startup Cost": 0.0, "Total Cost": 13.9, "Plan Rows": 390, "Plan Width": 178, "Output": ["title"]}, "Planning Time": 0.09}}], "framework": "FastAPI", "path": "/", "operationType": "POST", "requestDuration": 699.198, "requestStatus": 200}
